[20100:13068:0607/143550.257:WARNING:chrome\browser\extensions\external_provider_impl.cc:515] Malformed extension dictionary for extension: odbfpeeihdkbihmopkbjmoonfanlbfcl.  Key external_update_url has value "", which is not a valid URL.
[20100:13068:0607/143550.261:WARNING:chrome\browser\chrome_browser_main_win.cc:743] Command line too long for RegisterApplicationRestart:  --allow-pre-commit-input --component-updater=url-source=https://go-updater.brave.com/extensions --disable-background-networking --disable-background-timer-throttling --disable-backgrounding-occluded-windows --disable-client-side-phishing-detection --disable-default-apps --disable-dev-shm-usage --disable-domain-reliability --disable-features=TranslateUI --disable-gpu --disable-hang-monitor --disable-ipc-flooding-protection --disable-popup-blocking --disable-prompt-on-repost --disable-renderer-backgrounding --disable-software-rasterizer --disable-web-security --enable-automation --enable-distillability-service --enable-dom-distiller --enable-logging --log-level=0 --lso-url=https://no-thanks.invalid --no-first-run --no-sandbox --no-service-autorun --origin-trial-public-key=bYUKPJoPnCxeNvu72j4EmPuK7tr1PAC7SHh8ld9Mw3E=,fMS4mpO6buLQ/QMd+zJmxzty/VQ6B1EUZqoCU04zoRU= --password-store=basic --remote-debugging-port=9222 --sync-url=https://sync-v2.brave.com/v2 --test-type=webdriver --use-mock-keychain --user-data-dir="C:\Users\ASUS\Documents\SpotifyBot\browser-session" --variations-insecure-server-url=https://variations.brave.com/seed --variations-server-url=https://variations.brave.com/seed --restore-last-session --restart
[2516:23808:0607/143550.314:ERROR:gpu\ipc\service\gpu_channel_manager.cc:946] Failed to create GLES3 context, fallback to GLES2.
[2516:23808:0607/143550.314:ERROR:gpu\ipc\service\gpu_channel_manager.cc:957] ContextResult::kFatalFailure: Failed to create shared context for virtualization.
[2516:23808:0607/143550.460:ERROR:gpu\ipc\service\gpu_channel_manager.cc:946] Failed to create GLES3 context, fallback to GLES2.
[2516:23808:0607/143550.460:ERROR:gpu\ipc\service\gpu_channel_manager.cc:957] ContextResult::kFatalFailure: Failed to create shared context for virtualization.
[2516:23808:0607/143550.460:ERROR:gpu\ipc\service\gpu_channel_manager.cc:946] Failed to create GLES3 context, fallback to GLES2.
[2516:23808:0607/143550.460:ERROR:gpu\ipc\service\gpu_channel_manager.cc:957] ContextResult::kFatalFailure: Failed to create shared context for virtualization.
[20100:13068:0607/143551.127:INFO:CONSOLE:0] "An iframe which has both allow-scripts and allow-same-origin for its sandbox attribute can escape its sandboxing.", source: https://www.google.com/recaptcha/enterprise/anchor?ar=1&k=6LfCVLAUAAAAALFwwRnnCJ12DalriUGbj8FW_J39&co=aHR0cHM6Ly9vcGVuLnNwb3RpZnkuY29tOjQ0Mw..&hl=it&v=GUGrl5YkSwqiWrzO3ShIKDlu&size=invisible&cb=x6jpkh2ydpzp (0)
[20100:13068:0607/143555.708:ERROR:components\device_event_log\device_event_log_impl.cc:202] [14:35:55.708] USB: usb_service_win.cc:105 SetupDiGetDeviceProperty({{A45C254E-DF1C-4EFD-8020-67D146A850E0}, 6}) failed: Impossibile trovare elemento. (0x490)
[20100:13068:0607/143555.755:INFO:CONSOLE:1] "Uncaught (in promise) HttpResponseError", source: https://open.spotifycdn.com/cdn/build/web-player/web-player.d5e4fcda.js (1)
[20100:13068:0607/143556.279:INFO:CONSOLE:0] "An iframe which has both allow-scripts and allow-same-origin for its sandbox attribute can escape its sandboxing.", source: https://www.google.com/recaptcha/enterprise/anchor?ar=1&k=6LfCVLAUAAAAALFwwRnnCJ12DalriUGbj8FW_J39&co=aHR0cHM6Ly9vcGVuLnNwb3RpZnkuY29tOjQ0Mw..&hl=it&v=GUGrl5YkSwqiWrzO3ShIKDlu&size=invisible&cb=of4fxmbsgmer (0)
[20100:13068:0607/143556.347:INFO:CONSOLE:0] "[Report Only] Refused to frame 'https://www.google.com/' because an ancestor violates the following Content Security Policy directive: "frame-ancestors 'self'".
", source:  (0)
[20100:13068:0607/143556.350:INFO:CONSOLE:0] "An iframe which has both allow-scripts and allow-same-origin for its sandbox attribute can escape its sandboxing.", source: https://www.google.com/recaptcha/enterprise/anchor?ar=1&k=6LfCVLAUAAAAALFwwRnnCJ12DalriUGbj8FW_J39&co=aHR0cHM6Ly9vcGVuLnNwb3RpZnkuY29tOjQ0Mw..&hl=it&v=GUGrl5YkSwqiWrzO3ShIKDlu&size=invisible&cb=g2giz6wv8fje (0)
[20100:13068:0607/143556.643:INFO:CONSOLE:0] "An iframe which has both allow-scripts and allow-same-origin for its sandbox attribute can escape its sandboxing.", source: https://www.google.com/recaptcha/enterprise/anchor?ar=1&k=6LfCVLAUAAAAALFwwRnnCJ12DalriUGbj8FW_J39&co=aHR0cHM6Ly9vcGVuLnNwb3RpZnkuY29tOjQ0Mw..&hl=it&v=GUGrl5YkSwqiWrzO3ShIKDlu&size=invisible&cb=20iodmn22ynm (0)
[20100:13068:0607/143557.001:INFO:brave\components\brave_ads\core\internal\creatives\new_tab_page_ads\creative_new_tab_page_ads_util.cc:114] Successfully saved creative new tab page ads
[20100:13068:0607/143557.001:INFO:brave\components\brave_ads\core\internal\creatives\new_tab_page_ads\creative_new_tab_page_ads_util.cc:101] Successfully saved creative set conversions
[20100:13068:0607/143600.393:INFO:CONSOLE:1] "Uncaught (in promise) HttpResponseError", source: https://open.spotifycdn.com/cdn/build/web-player/web-player.d5e4fcda.js (1)
[20100:13068:0607/143601.762:INFO:CONSOLE:1] "Uncaught (in promise) HttpResponseError", source: https://open.spotifycdn.com/cdn/build/web-player/web-player.d5e4fcda.js (1)
[20100:13068:0607/143604.795:INFO:CONSOLE:1] "Uncaught (in promise) HttpResponseError", source: https://open.spotifycdn.com/cdn/build/web-player/web-player.d5e4fcda.js (1)
[20100:13068:0607/143632.411:INFO:CONSOLE:1] "Uncaught (in promise) PlayerAPIClientError: Command didn't receive an acknowledgement within 30000ms", source: https://open.spotifycdn.com/cdn/build/web-player/vendor~web-player.d82e7996.js (1)
[20100:13068:0607/143632.412:INFO:CONSOLE:1] "Uncaught (in promise) PlayerAPIClientError: Command didn't receive an acknowledgement within 30000ms", source: https://open.spotifycdn.com/cdn/build/web-player/vendor~web-player.d82e7996.js (1)
[20100:13068:0607/143632.441:INFO:CONSOLE:1] "Uncaught (in promise) PlayerAPIClientError: Command didn't receive an acknowledgement within 30000ms", source: https://open.spotifycdn.com/cdn/build/web-player/vendor~web-player.d82e7996.js (1)
[20100:13068:0607/143632.441:INFO:CONSOLE:1] "Uncaught (in promise) PlayerAPIClientError: Command didn't receive an acknowledgement within 30000ms", source: https://open.spotifycdn.com/cdn/build/web-player/vendor~web-player.d82e7996.js (1)
[20100:13068:0607/143632.487:INFO:CONSOLE:1] "Uncaught (in promise) PlayerAPIClientError: Command didn't receive an acknowledgement within 30000ms", source: https://open.spotifycdn.com/cdn/build/web-player/vendor~web-player.d82e7996.js (1)
[20100:13068:0607/143632.488:INFO:CONSOLE:1] "Uncaught (in promise) PlayerAPIClientError: Command didn't receive an acknowledgement within 30000ms", source: https://open.spotifycdn.com/cdn/build/web-player/vendor~web-player.d82e7996.js (1)
[20100:13068:0607/143632.517:INFO:CONSOLE:1] "Uncaught (in promise) PlayerAPIClientError: Command didn't receive an acknowledgement within 30000ms", source: https://open.spotifycdn.com/cdn/build/web-player/vendor~web-player.d82e7996.js (1)
[20100:13068:0607/143632.518:INFO:CONSOLE:1] "Uncaught (in promise) PlayerAPIClientError: Command didn't receive an acknowledgement within 30000ms", source: https://open.spotifycdn.com/cdn/build/web-player/vendor~web-player.d82e7996.js (1)
[20100:13068:0607/143632.625:INFO:CONSOLE:1] "Uncaught (in promise) PlayerAPIClientError: Command didn't receive an acknowledgement within 30000ms", source: https://open.spotifycdn.com/cdn/build/web-player/vendor~web-player.d82e7996.js (1)
[20100:13068:0607/143632.625:INFO:CONSOLE:1] "Uncaught (in promise) PlayerAPIClientError: Command didn't receive an acknowledgement within 30000ms", source: https://open.spotifycdn.com/cdn/build/web-player/vendor~web-player.d82e7996.js (1)
[20100:13068:0607/143632.795:INFO:CONSOLE:1] "Uncaught (in promise) PlayerAPIClientError: Command didn't receive an acknowledgement within 30000ms", source: https://open.spotifycdn.com/cdn/build/web-player/vendor~web-player.d82e7996.js (1)
[20100:13068:0607/143632.795:INFO:CONSOLE:1] "Uncaught (in promise) PlayerAPIClientError: Command didn't receive an acknowledgement within 30000ms", source: https://open.spotifycdn.com/cdn/build/web-player/vendor~web-player.d82e7996.js (1)
[20100:13068:0607/143632.981:INFO:CONSOLE:1] "Uncaught (in promise) PlayerAPIClientError: Command didn't receive an acknowledgement within 30000ms", source: https://open.spotifycdn.com/cdn/build/web-player/vendor~web-player.d82e7996.js (1)
[20100:13068:0607/143632.981:INFO:CONSOLE:1] "Uncaught (in promise) PlayerAPIClientError: Command didn't receive an acknowledgement within 30000ms", source: https://open.spotifycdn.com/cdn/build/web-player/vendor~web-player.d82e7996.js (1)
[20100:13068:0607/143633.214:INFO:CONSOLE:1] "Uncaught (in promise) PlayerAPIClientError: Command didn't receive an acknowledgement within 30000ms", source: https://open.spotifycdn.com/cdn/build/web-player/vendor~web-player.d82e7996.js (1)
[20100:13068:0607/143633.214:INFO:CONSOLE:1] "Uncaught (in promise) PlayerAPIClientError: Command didn't receive an acknowledgement within 30000ms", source: https://open.spotifycdn.com/cdn/build/web-player/vendor~web-player.d82e7996.js (1)
[20100:13068:0607/143633.552:INFO:CONSOLE:1] "Uncaught (in promise) PlayerAPIClientError: Command didn't receive an acknowledgement within 30000ms", source: https://open.spotifycdn.com/cdn/build/web-player/vendor~web-player.d82e7996.js (1)
[20100:13068:0607/143633.553:INFO:CONSOLE:1] "Uncaught (in promise) PlayerAPIClientError: Command didn't receive an acknowledgement within 30000ms", source: https://open.spotifycdn.com/cdn/build/web-player/vendor~web-player.d82e7996.js (1)
[2516:23808:0607/143931.779:ERROR:ui\gl\direct_composition_support.cc:512] QueryVideoProcessorCustomExtForHDR: Failed to retrieve D3D11 device
[2516:23808:0607/143931.779:ERROR:ui\gl\direct_composition_support.cc:512] QueryVideoProcessorCustomExtForHDR: Failed to retrieve D3D11 device
[2516:23808:0607/143934.888:ERROR:ui\gl\direct_composition_support.cc:512] QueryVideoProcessorCustomExtForHDR: Failed to retrieve D3D11 device
[2516:23808:0607/143934.889:ERROR:ui\gl\direct_composition_support.cc:512] QueryVideoProcessorCustomExtForHDR: Failed to retrieve D3D11 device
[20100:13068:0607/143940.403:ERROR:components\device_event_log\device_event_log_impl.cc:202] [14:39:40.403] USB: usb_service_win.cc:105 SetupDiGetDeviceProperty({{A45C254E-DF1C-4EFD-8020-67D146A850E0}, 6}) failed: Impossibile trovare elemento. (0x490)
[3476:6408:0607/150002.749:WARNING:net\spdy\spdy_session.cc:3054] Received HEADERS for invalid stream 11
